# JRE version: OpenJDK Runtime Environment Temurin-17.0.10+7 (17.0.10+7) (build 17.0.10+7)
# Java VM: OpenJDK 64-Bit Server VM Temurin-17.0.10+7 (17.0.10+7, mixed mode, tiered, compressed oops, compressed class ptrs, parallel gc, windows-amd64)
GC Precious Log:
 CPUs: 8 total, 8 available
 Memory: 6005M
 Large Page Support: Disabled
 NUMA Support: Disabled
 Compressed Oops: Enabled (32-bit)
 Alignments: Space 512K, Generation 512K, Heap 2M
 Heap Min Capacity: 100M
 Heap Initial Capacity: 100M
 Heap Max Capacity: 1G
 Pre-touch: Disabled
 Parallel Workers: 8
Heap:
 PSYoungGen      total 22528K, used 11751K [0x00000000eab00000, 0x00000000ec380000, 0x0000000100000000)
  eden space 22016K, 51% used [0x00000000eab00000,0x00000000eb619da8,0x00000000ec080000)
  from space 512K, 75% used [0x00000000ec300000,0x00000000ec360020,0x00000000ec380000)
  to   space 1024K, 0% used [0x00000000ec180000,0x00000000ec180000,0x00000000ec280000)
 ParOldGen       total 68608K, used 42610K [0x00000000c0000000, 0x00000000c4300000, 0x00000000eab00000)
  object space 68608K, 62% used [0x00000000c0000000,0x00000000c299c8a8,0x00000000c4300000)
 Metaspace       used 54250K, committed 55168K, reserved 1114112K
  class space    used 5392K, committed 5824K, reserved 1048576K
GC Heap History (20 events):
Event: 19.727 GC heap before
{Heap before GC invocations=21 (full 2):
 PSYoungGen      total 24064K, used 23773K [0x00000000eab00000, 0x00000000ec900000, 0x0000000100000000)
  eden space 22016K, 100% used [0x00000000eab00000,0x00000000ec080000,0x00000000ec080000)
  from space 2048K, 85% used [0x00000000ec700000,0x00000000ec8b74f8,0x00000000ec900000)
  to   space 3584K, 0% used [0x00000000ec200000,0x00000000ec200000,0x00000000ec580000)
 ParOldGen       total 68608K, used 28558K [0x00000000c0000000, 0x00000000c4300000, 0x00000000eab00000)
  object space 68608K, 41% used [0x00000000c0000000,0x00000000c1be3be0,0x00000000c4300000)
 Metaspace       used 41807K, committed 42560K, reserved 1114112K
  class space    used 4280K, committed 4608K, reserved 1048576K
}
Event: 19.729 GC heap after
{Heap after GC invocations=21 (full 2):
 PSYoungGen      total 25600K, used 416K [0x00000000eab00000, 0x00000000ec780000, 0x0000000100000000)
  eden space 22016K, 0% used [0x00000000eab00000,0x00000000eab00000,0x00000000ec080000)
  from space 3584K, 11% used [0x00000000ec200000,0x00000000ec268000,0x00000000ec580000)
  to   space 1536K, 0% used [0x00000000ec600000,0x00000000ec600000,0x00000000ec780000)
 ParOldGen       total 68608K, used 30155K [0x00000000c0000000, 0x00000000c4300000, 0x00000000eab00000)
  object space 68608K, 43% used [0x00000000c0000000,0x00000000c1d72cb8,0x00000000c4300000)
 Metaspace       used 41807K, committed 42560K, reserved 1114112K
  class space    used 4280K, committed 4608K, reserved 1048576K
}
Event: 20.074 GC heap before
{Heap before GC invocations=22 (full 2):
 PSYoungGen      total 25600K, used 22432K [0x00000000eab00000, 0x00000000ec780000, 0x0000000100000000)
  eden space 22016K, 100% used [0x00000000eab00000,0x00000000ec080000,0x00000000ec080000)
  from space 3584K, 11% used [0x00000000ec200000,0x00000000ec268000,0x00000000ec580000)
  to   space 1536K, 0% used [0x00000000ec600000,0x00000000ec600000,0x00000000ec780000)
 ParOldGen       total 68608K, used 30155K [0x00000000c0000000, 0x00000000c4300000, 0x00000000eab00000)
  object space 68608K, 43% used [0x00000000c0000000,0x00000000c1d72cb8,0x00000000c4300000)
 Metaspace       used 43624K, committed 44352K, reserved 1114112K
  class space    used 4406K, committed 4736K, reserved 1048576K
}
Event: 20.076 GC heap after
{Heap after GC invocations=22 (full 2):
 PSYoungGen      total 23552K, used 1526K [0x00000000eab00000, 0x00000000ec780000, 0x0000000100000000)
  eden space 22016K, 0% used [0x00000000eab00000,0x00000000eab00000,0x00000000ec080000)
  from space 1536K, 99% used [0x00000000ec600000,0x00000000ec77da28,0x00000000ec780000)
  to   space 2560K, 0% used [0x00000000ec280000,0x00000000ec280000,0x00000000ec500000)
 ParOldGen       total 68608K, used 30675K [0x00000000c0000000, 0x00000000c4300000, 0x00000000eab00000)
  object space 68608K, 44% used [0x00000000c0000000,0x00000000c1df4cb8,0x00000000c4300000)
 Metaspace       used 43624K, committed 44352K, reserved 1114112K
  class space    used 4406K, committed 4736K, reserved 1048576K
}
Event: 20.159 GC heap before
{Heap before GC invocations=23 (full 2):
 PSYoungGen      total 23552K, used 23542K [0x00000000eab00000, 0x00000000ec780000, 0x0000000100000000)
  eden space 22016K, 100% used [0x00000000eab00000,0x00000000ec080000,0x00000000ec080000)
  from space 1536K, 99% used [0x00000000ec600000,0x00000000ec77da28,0x00000000ec780000)
  to   space 2560K, 0% used [0x00000000ec280000,0x00000000ec280000,0x00000000ec500000)
 ParOldGen       total 68608K, used 30675K [0x00000000c0000000, 0x00000000c4300000, 0x00000000eab00000)
  object space 68608K, 44% used [0x00000000c0000000,0x00000000c1df4cb8,0x00000000c4300000)
 Metaspace       used 43648K, committed 44416K, reserved 1114112K
  class space    used 4406K, committed 4736K, reserved 1048576K
}
Event: 20.161 GC heap after
{Heap after GC invocations=23 (full 2):
 PSYoungGen      total 24576K, used 972K [0x00000000eab00000, 0x00000000ec680000, 0x0000000100000000)
  eden space 22016K, 0% used [0x00000000eab00000,0x00000000eab00000,0x00000000ec080000)
  from space 2560K, 38% used [0x00000000ec280000,0x00000000ec373388,0x00000000ec500000)
  to   space 1536K, 0% used [0x00000000ec500000,0x00000000ec500000,0x00000000ec680000)
 ParOldGen       total 68608K, used 31766K [0x00000000c0000000, 0x00000000c4300000, 0x00000000eab00000)
  object space 68608K, 46% used [0x00000000c0000000,0x00000000c1f05920,0x00000000c4300000)
 Metaspace       used 43648K, committed 44416K, reserved 1114112K
  class space    used 4406K, committed 4736K, reserved 1048576K
}
Event: 20.628 GC heap before
{Heap before GC invocations=24 (full 2):
 PSYoungGen      total 24576K, used 22988K [0x00000000eab00000, 0x00000000ec680000, 0x0000000100000000)
  eden space 22016K, 100% used [0x00000000eab00000,0x00000000ec080000,0x00000000ec080000)
  from space 2560K, 38% used [0x00000000ec280000,0x00000000ec373388,0x00000000ec500000)
  to   space 1536K, 0% used [0x00000000ec500000,0x00000000ec500000,0x00000000ec680000)
 ParOldGen       total 68608K, used 31766K [0x00000000c0000000, 0x00000000c4300000, 0x00000000eab00000)
  object space 68608K, 46% used [0x00000000c0000000,0x00000000c1f05920,0x00000000c4300000)
 Metaspace       used 45807K, committed 46528K, reserved 1114112K
  class space    used 4626K, committed 4992K, reserved 1048576K
}
Event: 20.630 GC heap after
{Heap after GC invocations=24 (full 2):
 PSYoungGen      total 23040K, used 928K [0x00000000eab00000, 0x00000000ec600000, 0x0000000100000000)
  eden space 22016K, 0% used [0x00000000eab00000,0x00000000eab00000,0x00000000ec080000)
  from space 1024K, 90% used [0x00000000ec500000,0x00000000ec5e8000,0x00000000ec600000)
  to   space 1024K, 0% used [0x00000000ec400000,0x00000000ec400000,0x00000000ec500000)
 ParOldGen       total 68608K, used 31790K [0x00000000c0000000, 0x00000000c4300000, 0x00000000eab00000)
  object space 68608K, 46% used [0x00000000c0000000,0x00000000c1f0b920,0x00000000c4300000)
 Metaspace       used 45807K, committed 46528K, reserved 1114112K
  class space    used 4626K, committed 4992K, reserved 1048576K
}
Event: 22.014 GC heap before
{Heap before GC invocations=25 (full 2):
 PSYoungGen      total 23040K, used 22944K [0x00000000eab00000, 0x00000000ec600000, 0x0000000100000000)
  eden space 22016K, 100% used [0x00000000eab00000,0x00000000ec080000,0x00000000ec080000)
  from space 1024K, 90% used [0x00000000ec500000,0x00000000ec5e8000,0x00000000ec600000)
  to   space 1024K, 0% used [0x00000000ec400000,0x00000000ec400000,0x00000000ec500000)
 ParOldGen       total 68608K, used 31790K [0x00000000c0000000, 0x00000000c4300000, 0x00000000eab00000)
  object space 68608K, 46% used [0x00000000c0000000,0x00000000c1f0b920,0x00000000c4300000)
 Metaspace       used 48229K, committed 48960K, reserved 1114112K
  class space    used 4840K, committed 5184K, reserved 1048576K
}
Event: 22.018 GC heap after
{Heap after GC invocations=25 (full 2):
 PSYoungGen      total 23040K, used 998K [0x00000000eab00000, 0x00000000eca80000, 0x0000000100000000)
  eden space 22016K, 0% used [0x00000000eab00000,0x00000000eab00000,0x00000000ec080000)
  from space 1024K, 97% used [0x00000000ec400000,0x00000000ec4f9aa8,0x00000000ec500000)
  to   space 5120K, 0% used [0x00000000ec580000,0x00000000ec580000,0x00000000eca80000)
 ParOldGen       total 68608K, used 34946K [0x00000000c0000000, 0x00000000c4300000, 0x00000000eab00000)
  object space 68608K, 50% used [0x00000000c0000000,0x00000000c2220a08,0x00000000c4300000)
 Metaspace       used 48229K, committed 48960K, reserved 1114112K
  class space    used 4840K, committed 5184K, reserved 1048576K
}
Event: 22.731 GC heap before
{Heap before GC invocations=26 (full 2):
 PSYoungGen      total 23040K, used 23014K [0x00000000eab00000, 0x00000000eca80000, 0x0000000100000000)
  eden space 22016K, 99% used [0x00000000eab00000,0x00000000ec07fff8,0x00000000ec080000)
  from space 1024K, 97% used [0x00000000ec400000,0x00000000ec4f9aa8,0x00000000ec500000)
  to   space 5120K, 0% used [0x00000000ec580000,0x00000000ec580000,0x00000000eca80000)
 ParOldGen       total 68608K, used 34946K [0x00000000c0000000, 0x00000000c4300000, 0x00000000eab00000)
  object space 68608K, 50% used [0x00000000c0000000,0x00000000c2220a08,0x00000000c4300000)
 Metaspace       used 50043K, committed 50752K, reserved 1114112K
  class space    used 5025K, committed 5312K, reserved 1048576K
}
Event: 22.736 GC heap after
{Heap after GC invocations=26 (full 2):
 PSYoungGen      total 27136K, used 4856K [0x00000000eab00000, 0x00000000eca80000, 0x0000000100000000)
  eden space 22016K, 0% used [0x00000000eab00000,0x00000000eab00000,0x00000000ec080000)
  from space 5120K, 94% used [0x00000000ec580000,0x00000000eca3e2d0,0x00000000eca80000)
  to   space 5120K, 0% used [0x00000000ec080000,0x00000000ec080000,0x00000000ec580000)
 ParOldGen       total 68608K, used 35924K [0x00000000c0000000, 0x00000000c4300000, 0x00000000eab00000)
  object space 68608K, 52% used [0x00000000c0000000,0x00000000c2315298,0x00000000c4300000)
 Metaspace       used 50043K, committed 50752K, reserved 1114112K
  class space    used 5025K, committed 5312K, reserved 1048576K
}
Event: 25.437 GC heap before
{Heap before GC invocations=27 (full 2):
 PSYoungGen      total 27136K, used 26853K [0x00000000eab00000, 0x00000000eca80000, 0x0000000100000000)
  eden space 22016K, 99% used [0x00000000eab00000,0x00000000ec07b3b8,0x00000000ec080000)
  from space 5120K, 94% used [0x00000000ec580000,0x00000000eca3e2d0,0x00000000eca80000)
  to   space 5120K, 0% used [0x00000000ec080000,0x00000000ec080000,0x00000000ec580000)
 ParOldGen       total 68608K, used 35924K [0x00000000c0000000, 0x00000000c4300000, 0x00000000eab00000)
  object space 68608K, 52% used [0x00000000c0000000,0x00000000c2315298,0x00000000c4300000)
 Metaspace       used 51662K, committed 52416K, reserved 1114112K
  class space    used 5176K, committed 5504K, reserved 1048576K
}
Event: 25.441 GC heap after
{Heap after GC invocations=27 (full 2):
 PSYoungGen      total 23040K, used 756K [0x00000000eab00000, 0x00000000ec600000, 0x0000000100000000)
  eden space 22016K, 0% used [0x00000000eab00000,0x00000000eab00000,0x00000000ec080000)
  from space 1024K, 73% used [0x00000000ec080000,0x00000000ec13d0d0,0x00000000ec180000)
  to   space 2560K, 0% used [0x00000000ec380000,0x00000000ec380000,0x00000000ec600000)
 ParOldGen       total 68608K, used 39910K [0x00000000c0000000, 0x00000000c4300000, 0x00000000eab00000)
  object space 68608K, 58% used [0x00000000c0000000,0x00000000c26f9be0,0x00000000c4300000)
 Metaspace       used 51662K, committed 52416K, reserved 1114112K
  class space    used 5176K, committed 5504K, reserved 1048576K
}
Event: 28.337 GC heap before
{Heap before GC invocations=28 (full 2):
 PSYoungGen      total 23040K, used 22772K [0x00000000eab00000, 0x00000000ec600000, 0x0000000100000000)
  eden space 22016K, 100% used [0x00000000eab00000,0x00000000ec080000,0x00000000ec080000)
  from space 1024K, 73% used [0x00000000ec080000,0x00000000ec13d0d0,0x00000000ec180000)
  to   space 2560K, 0% used [0x00000000ec380000,0x00000000ec380000,0x00000000ec600000)
 ParOldGen       total 68608K, used 39910K [0x00000000c0000000, 0x00000000c4300000, 0x00000000eab00000)
  object space 68608K, 58% used [0x00000000c0000000,0x00000000c26f9be0,0x00000000c4300000)
 Metaspace       used 52435K, committed 53248K, reserved 1114112K
  class space    used 5260K, committed 5632K, reserved 1048576K
}
Event: 28.340 GC heap after
{Heap after GC invocations=28 (full 2):
 PSYoungGen      total 24064K, used 1648K [0x00000000eab00000, 0x00000000ec580000, 0x0000000100000000)
  eden space 22016K, 0% used [0x00000000eab00000,0x00000000eab00000,0x00000000ec080000)
  from space 2048K, 80% used [0x00000000ec380000,0x00000000ec51c2d8,0x00000000ec580000)
  to   space 2048K, 0% used [0x00000000ec180000,0x00000000ec180000,0x00000000ec380000)
 ParOldGen       total 68608K, used 40460K [0x00000000c0000000, 0x00000000c4300000, 0x00000000eab00000)
  object space 68608K, 58% used [0x00000000c0000000,0x00000000c2783310,0x00000000c4300000)
 Metaspace       used 52435K, committed 53248K, reserved 1114112K
  class space    used 5260K, committed 5632K, reserved 1048576K
}
Event: 31.849 GC heap before
{Heap before GC invocations=29 (full 2):
 PSYoungGen      total 24064K, used 23664K [0x00000000eab00000, 0x00000000ec580000, 0x0000000100000000)
  eden space 22016K, 100% used [0x00000000eab00000,0x00000000ec080000,0x00000000ec080000)
  from space 2048K, 80% used [0x00000000ec380000,0x00000000ec51c2d8,0x00000000ec580000)
  to   space 2048K, 0% used [0x00000000ec180000,0x00000000ec180000,0x00000000ec380000)
 ParOldGen       total 68608K, used 40460K [0x00000000c0000000, 0x00000000c4300000, 0x00000000eab00000)
  object space 68608K, 58% used [0x00000000c0000000,0x00000000c2783310,0x00000000c4300000)
 Metaspace       used 53173K, committed 53952K, reserved 1114112K
  class space    used 5320K, committed 5696K, reserved 1048576K
}
Event: 31.851 GC heap after
{Heap after GC invocations=29 (full 2):
 PSYoungGen      total 23552K, used 1218K [0x00000000eab00000, 0x00000000ec400000, 0x0000000100000000)
  eden space 22016K, 0% used [0x00000000eab00000,0x00000000eab00000,0x00000000ec080000)
  from space 1536K, 79% used [0x00000000ec180000,0x00000000ec2b0888,0x00000000ec300000)
  to   space 1024K, 0% used [0x00000000ec300000,0x00000000ec300000,0x00000000ec400000)
 ParOldGen       total 68608K, used 41490K [0x00000000c0000000, 0x00000000c4300000, 0x00000000eab00000)
  object space 68608K, 60% used [0x00000000c0000000,0x00000000c2884840,0x00000000c4300000)
 Metaspace       used 53173K, committed 53952K, reserved 1114112K
  class space    used 5320K, committed 5696K, reserved 1048576K
}
Event: 35.122 GC heap before
{Heap before GC invocations=30 (full 2):
 PSYoungGen      total 23552K, used 21983K [0x00000000eab00000, 0x00000000ec400000, 0x0000000100000000)
  eden space 22016K, 94% used [0x00000000eab00000,0x00000000ebf47748,0x00000000ec080000)
  from space 1536K, 79% used [0x00000000ec180000,0x00000000ec2b0888,0x00000000ec300000)
  to   space 1024K, 0% used [0x00000000ec300000,0x00000000ec300000,0x00000000ec400000)
 ParOldGen       total 68608K, used 41490K [0x00000000c0000000, 0x00000000c4300000, 0x00000000eab00000)
  object space 68608K, 60% used [0x00000000c0000000,0x00000000c2884840,0x00000000c4300000)
 Metaspace       used 53593K, committed 54464K, reserved 1114112K
  class space    used 5327K, committed 5760K, reserved 1048576K
}
Event: 35.124 GC heap after
{Heap after GC invocations=30 (full 2):
 PSYoungGen      total 22528K, used 384K [0x00000000eab00000, 0x00000000ec380000, 0x0000000100000000)
  eden space 22016K, 0% used [0x00000000eab00000,0x00000000eab00000,0x00000000ec080000)
  from space 512K, 75% used [0x00000000ec300000,0x00000000ec360020,0x00000000ec380000)
  to   space 1024K, 0% used [0x00000000ec180000,0x00000000ec180000,0x00000000ec280000)
 ParOldGen       total 68608K, used 42610K [0x00000000c0000000, 0x00000000c4300000, 0x00000000eab00000)
  object space 68608K, 62% used [0x00000000c0000000,0x00000000c299c8a8,0x00000000c4300000)
 Metaspace       used 53593K, committed 54464K, reserved 1114112K
  class space    used 5327K, committed 5760K, reserved 1048576K
}

