# JRE version: OpenJDK Runtime Environment Temurin-17.0.10+7 (17.0.10+7) (build 17.0.10+7)
# Java VM: OpenJDK 64-Bit Server VM Temurin-17.0.10+7 (17.0.10+7, mixed mode, tiered, compressed oops, compressed class ptrs, parallel gc, windows-amd64)
GC Precious Log:
 CPUs: 8 total, 8 available
 Memory: 6005M
 Large Page Support: Disabled
 NUMA Support: Disabled
 Compressed Oops: Enabled (32-bit)
 Alignments: Space 512K, Generation 512K, Heap 2M
 Heap Min Capacity: 100M
 Heap Initial Capacity: 100M
 Heap Max Capacity: 1G
 Pre-touch: Disabled
 Parallel Workers: 8
Heap:
 PSYoungGen      total 11264K, used 1951K [0x00000000eab00000, 0x00000000eb900000, 0x0000000100000000)
  eden space 9216K, 1% used [0x00000000eab00000,0x00000000eab2aba8,0x00000000eb400000)
  from space 2048K, 86% used [0x00000000eb680000,0x00000000eb83d3c0,0x00000000eb880000)
  to   space 2560K, 0% used [0x00000000eb400000,0x00000000eb400000,0x00000000eb680000)
 ParOldGen       total 297472K, used 253508K [0x00000000c0000000, 0x00000000d2280000, 0x00000000eab00000)
  object space 297472K, 85% used [0x00000000c0000000,0x00000000cf791088,0x00000000d2280000)
 Metaspace       used 78794K, committed 79936K, reserved 1179648K
  class space    used 8331K, committed 8832K, reserved 1048576K
GC Heap History (20 events):
Event: 44.588 GC heap before
{Heap before GC invocations=240 (full 13):
 PSYoungGen      total 5632K, used 5607K [0x00000000eab00000, 0x00000000eb680000, 0x0000000100000000)
  eden space 4096K, 100% used [0x00000000eab00000,0x00000000eaf00000,0x00000000eaf00000)
  from space 1536K, 98% used [0x00000000eb200000,0x00000000eb379ee0,0x00000000eb380000)
  to   space 3072K, 0% used [0x00000000eaf00000,0x00000000eaf00000,0x00000000eb200000)
 ParOldGen       total 247296K, used 243129K [0x00000000c0000000, 0x00000000cf180000, 0x00000000eab00000)
  object space 247296K, 98% used [0x00000000c0000000,0x00000000ced6e6c0,0x00000000cf180000)
 Metaspace       used 78408K, committed 79552K, reserved 1179648K
  class space    used 8281K, committed 8768K, reserved 1048576K
}
Event: 44.590 GC heap after
{Heap after GC invocations=240 (full 13):
 PSYoungGen      total 7168K, used 3000K [0x00000000eab00000, 0x00000000eb600000, 0x0000000100000000)
  eden space 4096K, 0% used [0x00000000eab00000,0x00000000eab00000,0x00000000eaf00000)
  from space 3072K, 97% used [0x00000000eaf00000,0x00000000eb1ee018,0x00000000eb200000)
  to   space 3584K, 0% used [0x00000000eb280000,0x00000000eb280000,0x00000000eb600000)
 ParOldGen       total 247296K, used 243910K [0x00000000c0000000, 0x00000000cf180000, 0x00000000eab00000)
  object space 247296K, 98% used [0x00000000c0000000,0x00000000cee31ac8,0x00000000cf180000)
 Metaspace       used 78408K, committed 79552K, reserved 1179648K
  class space    used 8281K, committed 8768K, reserved 1048576K
}
Event: 44.598 GC heap before
{Heap before GC invocations=241 (full 13):
 PSYoungGen      total 7168K, used 7096K [0x00000000eab00000, 0x00000000eb600000, 0x0000000100000000)
  eden space 4096K, 100% used [0x00000000eab00000,0x00000000eaf00000,0x00000000eaf00000)
  from space 3072K, 97% used [0x00000000eaf00000,0x00000000eb1ee018,0x00000000eb200000)
  to   space 3584K, 0% used [0x00000000eb280000,0x00000000eb280000,0x00000000eb600000)
 ParOldGen       total 247296K, used 243910K [0x00000000c0000000, 0x00000000cf180000, 0x00000000eab00000)
  object space 247296K, 98% used [0x00000000c0000000,0x00000000cee31ac8,0x00000000cf180000)
 Metaspace       used 78409K, committed 79552K, reserved 1179648K
  class space    used 8281K, committed 8768K, reserved 1048576K
}
Event: 44.600 GC heap after
{Heap after GC invocations=241 (full 13):
 PSYoungGen      total 7680K, used 3268K [0x00000000eab00000, 0x00000000eb700000, 0x0000000100000000)
  eden space 4096K, 0% used [0x00000000eab00000,0x00000000eab00000,0x00000000eaf00000)
  from space 3584K, 91% used [0x00000000eb280000,0x00000000eb5b1040,0x00000000eb600000)
  to   space 3584K, 0% used [0x00000000eaf00000,0x00000000eaf00000,0x00000000eb280000)
 ParOldGen       total 247296K, used 243910K [0x00000000c0000000, 0x00000000cf180000, 0x00000000eab00000)
  object space 247296K, 98% used [0x00000000c0000000,0x00000000cee31ac8,0x00000000cf180000)
 Metaspace       used 78409K, committed 79552K, reserved 1179648K
  class space    used 8281K, committed 8768K, reserved 1048576K
}
Event: 44.609 GC heap before
{Heap before GC invocations=242 (full 13):
 PSYoungGen      total 7680K, used 6334K [0x00000000eab00000, 0x00000000eb700000, 0x0000000100000000)
  eden space 4096K, 74% used [0x00000000eab00000,0x00000000eadfe940,0x00000000eaf00000)
  from space 3584K, 91% used [0x00000000eb280000,0x00000000eb5b1040,0x00000000eb600000)
  to   space 3584K, 0% used [0x00000000eaf00000,0x00000000eaf00000,0x00000000eb280000)
 ParOldGen       total 247296K, used 243910K [0x00000000c0000000, 0x00000000cf180000, 0x00000000eab00000)
  object space 247296K, 98% used [0x00000000c0000000,0x00000000cee31ac8,0x00000000cf180000)
 Metaspace       used 78422K, committed 79552K, reserved 1179648K
  class space    used 8281K, committed 8768K, reserved 1048576K
}
Event: 44.612 GC heap after
{Heap after GC invocations=242 (full 13):
 PSYoungGen      total 5632K, used 1039K [0x00000000eab00000, 0x00000000eb400000, 0x0000000100000000)
  eden space 4096K, 0% used [0x00000000eab00000,0x00000000eab00000,0x00000000eaf00000)
  from space 1536K, 67% used [0x00000000eaf00000,0x00000000eb003c98,0x00000000eb080000)
  to   space 2048K, 0% used [0x00000000eb200000,0x00000000eb200000,0x00000000eb400000)
 ParOldGen       total 247296K, used 245236K [0x00000000c0000000, 0x00000000cf180000, 0x00000000eab00000)
  object space 247296K, 99% used [0x00000000c0000000,0x00000000cef7d0a8,0x00000000cf180000)
 Metaspace       used 78422K, committed 79552K, reserved 1179648K
  class space    used 8281K, committed 8768K, reserved 1048576K
}
Event: 44.617 GC heap before
{Heap before GC invocations=243 (full 13):
 PSYoungGen      total 5632K, used 4570K [0x00000000eab00000, 0x00000000eb400000, 0x0000000100000000)
  eden space 4096K, 86% used [0x00000000eab00000,0x00000000eae72e00,0x00000000eaf00000)
  from space 1536K, 67% used [0x00000000eaf00000,0x00000000eb003c98,0x00000000eb080000)
  to   space 2048K, 0% used [0x00000000eb200000,0x00000000eb200000,0x00000000eb400000)
 ParOldGen       total 247296K, used 245236K [0x00000000c0000000, 0x00000000cf180000, 0x00000000eab00000)
  object space 247296K, 99% used [0x00000000c0000000,0x00000000cef7d0a8,0x00000000cf180000)
 Metaspace       used 78423K, committed 79552K, reserved 1179648K
  class space    used 8281K, committed 8768K, reserved 1048576K
}
Event: 44.618 GC heap after
{Heap after GC invocations=243 (full 13):
 PSYoungGen      total 5632K, used 375K [0x00000000eab00000, 0x00000000eb280000, 0x0000000100000000)
  eden space 5120K, 0% used [0x00000000eab00000,0x00000000eab00000,0x00000000eb000000)
  from space 512K, 73% used [0x00000000eb200000,0x00000000eb25de78,0x00000000eb280000)
  to   space 1024K, 0% used [0x00000000eb080000,0x00000000eb080000,0x00000000eb180000)
 ParOldGen       total 247296K, used 246124K [0x00000000c0000000, 0x00000000cf180000, 0x00000000eab00000)
  object space 247296K, 99% used [0x00000000c0000000,0x00000000cf05b2a8,0x00000000cf180000)
 Metaspace       used 78423K, committed 79552K, reserved 1179648K
  class space    used 8281K, committed 8768K, reserved 1048576K
}
Event: 44.623 GC heap before
{Heap before GC invocations=244 (full 13):
 PSYoungGen      total 5632K, used 5495K [0x00000000eab00000, 0x00000000eb280000, 0x0000000100000000)
  eden space 5120K, 100% used [0x00000000eab00000,0x00000000eb000000,0x00000000eb000000)
  from space 512K, 73% used [0x00000000eb200000,0x00000000eb25de78,0x00000000eb280000)
  to   space 1024K, 0% used [0x00000000eb080000,0x00000000eb080000,0x00000000eb180000)
 ParOldGen       total 247296K, used 246124K [0x00000000c0000000, 0x00000000cf180000, 0x00000000eab00000)
  object space 247296K, 99% used [0x00000000c0000000,0x00000000cf05b2a8,0x00000000cf180000)
 Metaspace       used 78423K, committed 79552K, reserved 1179648K
  class space    used 8281K, committed 8768K, reserved 1048576K
}
Event: 44.625 GC heap after
{Heap after GC invocations=244 (full 13):
 PSYoungGen      total 6656K, used 320K [0x00000000eab00000, 0x00000000eb280000, 0x0000000100000000)
  eden space 5632K, 0% used [0x00000000eab00000,0x00000000eab00000,0x00000000eb080000)
  from space 1024K, 31% used [0x00000000eb080000,0x00000000eb0d0038,0x00000000eb180000)
  to   space 512K, 0% used [0x00000000eb200000,0x00000000eb200000,0x00000000eb280000)
 ParOldGen       total 248832K, used 247827K [0x00000000c0000000, 0x00000000cf300000, 0x00000000eab00000)
  object space 248832K, 99% used [0x00000000c0000000,0x00000000cf204ce8,0x00000000cf300000)
 Metaspace       used 78423K, committed 79552K, reserved 1179648K
  class space    used 8281K, committed 8768K, reserved 1048576K
}
Event: 44.625 GC heap before
{Heap before GC invocations=245 (full 14):
 PSYoungGen      total 6656K, used 320K [0x00000000eab00000, 0x00000000eb280000, 0x0000000100000000)
  eden space 5632K, 0% used [0x00000000eab00000,0x00000000eab00000,0x00000000eb080000)
  from space 1024K, 31% used [0x00000000eb080000,0x00000000eb0d0038,0x00000000eb180000)
  to   space 512K, 0% used [0x00000000eb200000,0x00000000eb200000,0x00000000eb280000)
 ParOldGen       total 248832K, used 247827K [0x00000000c0000000, 0x00000000cf300000, 0x00000000eab00000)
  object space 248832K, 99% used [0x00000000c0000000,0x00000000cf204ce8,0x00000000cf300000)
 Metaspace       used 78423K, committed 79552K, reserved 1179648K
  class space    used 8281K, committed 8768K, reserved 1048576K
}
Event: 44.835 GC heap after
{Heap after GC invocations=245 (full 14):
 PSYoungGen      total 7168K, used 0K [0x00000000eab00000, 0x00000000eb280000, 0x0000000100000000)
  eden space 6656K, 0% used [0x00000000eab00000,0x00000000eab00000,0x00000000eb180000)
  from space 512K, 0% used [0x00000000eb200000,0x00000000eb200000,0x00000000eb280000)
  to   space 512K, 0% used [0x00000000eb180000,0x00000000eb180000,0x00000000eb200000)
 ParOldGen       total 297472K, used 246568K [0x00000000c0000000, 0x00000000d2280000, 0x00000000eab00000)
  object space 297472K, 82% used [0x00000000c0000000,0x00000000cf0ca2e8,0x00000000d2280000)
 Metaspace       used 78423K, committed 79552K, reserved 1179648K
  class space    used 8281K, committed 8768K, reserved 1048576K
}
Event: 44.846 GC heap before
{Heap before GC invocations=246 (full 14):
 PSYoungGen      total 7168K, used 6656K [0x00000000eab00000, 0x00000000eb280000, 0x0000000100000000)
  eden space 6656K, 100% used [0x00000000eab00000,0x00000000eb180000,0x00000000eb180000)
  from space 512K, 0% used [0x00000000eb200000,0x00000000eb200000,0x00000000eb280000)
  to   space 512K, 0% used [0x00000000eb180000,0x00000000eb180000,0x00000000eb200000)
 ParOldGen       total 297472K, used 246568K [0x00000000c0000000, 0x00000000d2280000, 0x00000000eab00000)
  object space 297472K, 82% used [0x00000000c0000000,0x00000000cf0ca2e8,0x00000000d2280000)
 Metaspace       used 78423K, committed 79552K, reserved 1179648K
  class space    used 8281K, committed 8768K, reserved 1048576K
}
Event: 44.848 GC heap after
{Heap after GC invocations=246 (full 14):
 PSYoungGen      total 7168K, used 497K [0x00000000eab00000, 0x00000000eb780000, 0x0000000100000000)
  eden space 6656K, 0% used [0x00000000eab00000,0x00000000eab00000,0x00000000eb180000)
  from space 512K, 97% used [0x00000000eb180000,0x00000000eb1fc6d8,0x00000000eb200000)
  to   space 2560K, 0% used [0x00000000eb500000,0x00000000eb500000,0x00000000eb780000)
 ParOldGen       total 297472K, used 248221K [0x00000000c0000000, 0x00000000d2280000, 0x00000000eab00000)
  object space 297472K, 83% used [0x00000000c0000000,0x00000000cf267450,0x00000000d2280000)
 Metaspace       used 78423K, committed 79552K, reserved 1179648K
  class space    used 8281K, committed 8768K, reserved 1048576K
}
Event: 44.862 GC heap before
{Heap before GC invocations=247 (full 14):
 PSYoungGen      total 7168K, used 7153K [0x00000000eab00000, 0x00000000eb780000, 0x0000000100000000)
  eden space 6656K, 100% used [0x00000000eab00000,0x00000000eb180000,0x00000000eb180000)
  from space 512K, 97% used [0x00000000eb180000,0x00000000eb1fc6d8,0x00000000eb200000)
  to   space 2560K, 0% used [0x00000000eb500000,0x00000000eb500000,0x00000000eb780000)
 ParOldGen       total 297472K, used 248221K [0x00000000c0000000, 0x00000000d2280000, 0x00000000eab00000)
  object space 297472K, 83% used [0x00000000c0000000,0x00000000cf267450,0x00000000d2280000)
 Metaspace       used 78434K, committed 79552K, reserved 1179648K
  class space    used 8283K, committed 8768K, reserved 1048576K
}
Event: 44.864 GC heap after
{Heap after GC invocations=247 (full 14):
 PSYoungGen      total 9216K, used 1280K [0x00000000eab00000, 0x00000000eb680000, 0x0000000100000000)
  eden space 7680K, 0% used [0x00000000eab00000,0x00000000eab00000,0x00000000eb280000)
  from space 1536K, 83% used [0x00000000eb500000,0x00000000eb640020,0x00000000eb680000)
  to   space 2048K, 0% used [0x00000000eb280000,0x00000000eb280000,0x00000000eb480000)
 ParOldGen       total 297472K, used 248470K [0x00000000c0000000, 0x00000000d2280000, 0x00000000eab00000)
  object space 297472K, 83% used [0x00000000c0000000,0x00000000cf2a59e0,0x00000000d2280000)
 Metaspace       used 78434K, committed 79552K, reserved 1179648K
  class space    used 8283K, committed 8768K, reserved 1048576K
}
Event: 44.887 GC heap before
{Heap before GC invocations=248 (full 14):
 PSYoungGen      total 9216K, used 8960K [0x00000000eab00000, 0x00000000eb680000, 0x0000000100000000)
  eden space 7680K, 100% used [0x00000000eab00000,0x00000000eb280000,0x00000000eb280000)
  from space 1536K, 83% used [0x00000000eb500000,0x00000000eb640020,0x00000000eb680000)
  to   space 2048K, 0% used [0x00000000eb280000,0x00000000eb280000,0x00000000eb480000)
 ParOldGen       total 297472K, used 248470K [0x00000000c0000000, 0x00000000d2280000, 0x00000000eab00000)
  object space 297472K, 83% used [0x00000000c0000000,0x00000000cf2a59e0,0x00000000d2280000)
 Metaspace       used 78451K, committed 79616K, reserved 1179648K
  class space    used 8288K, committed 8832K, reserved 1048576K
}
Event: 44.890 GC heap after
{Heap after GC invocations=248 (full 14):
 PSYoungGen      total 9728K, used 2047K [0x00000000eab00000, 0x00000000eb980000, 0x0000000100000000)
  eden space 7680K, 0% used [0x00000000eab00000,0x00000000eab00000,0x00000000eb280000)
  from space 2048K, 99% used [0x00000000eb280000,0x00000000eb47fc18,0x00000000eb480000)
  to   space 3072K, 0% used [0x00000000eb680000,0x00000000eb680000,0x00000000eb980000)
 ParOldGen       total 297472K, used 248971K [0x00000000c0000000, 0x00000000d2280000, 0x00000000eab00000)
  object space 297472K, 83% used [0x00000000c0000000,0x00000000cf322e48,0x00000000d2280000)
 Metaspace       used 78451K, committed 79616K, reserved 1179648K
  class space    used 8288K, committed 8832K, reserved 1048576K
}
Event: 44.913 GC heap before
{Heap before GC invocations=249 (full 14):
 PSYoungGen      total 9728K, used 9727K [0x00000000eab00000, 0x00000000eb980000, 0x0000000100000000)
  eden space 7680K, 100% used [0x00000000eab00000,0x00000000eb280000,0x00000000eb280000)
  from space 2048K, 99% used [0x00000000eb280000,0x00000000eb47fc18,0x00000000eb480000)
  to   space 3072K, 0% used [0x00000000eb680000,0x00000000eb680000,0x00000000eb980000)
 ParOldGen       total 297472K, used 248971K [0x00000000c0000000, 0x00000000d2280000, 0x00000000eab00000)
  object space 297472K, 83% used [0x00000000c0000000,0x00000000cf322e48,0x00000000d2280000)
 Metaspace       used 78479K, committed 79680K, reserved 1179648K
  class space    used 8296K, committed 8832K, reserved 1048576K
}
Event: 44.916 GC heap after
{Heap after GC invocations=249 (full 14):
 PSYoungGen      total 10240K, used 1892K [0x00000000eab00000, 0x00000000eb880000, 0x0000000100000000)
  eden space 8192K, 0% used [0x00000000eab00000,0x00000000eab00000,0x00000000eb300000)
  from space 2048K, 92% used [0x00000000eb680000,0x00000000eb8590f0,0x00000000eb880000)
  to   space 2560K, 0% used [0x00000000eb380000,0x00000000eb380000,0x00000000eb600000)
 ParOldGen       total 297472K, used 250924K [0x00000000c0000000, 0x00000000d2280000, 0x00000000eab00000)
  object space 297472K, 84% used [0x00000000c0000000,0x00000000cf50b2d8,0x00000000d2280000)
 Metaspace       used 78479K, committed 79680K, reserved 1179648K
  class space    used 8296K, committed 8832K, reserved 1048576K
}

